<?xml version="1.0" encoding="UTF-8"?>
<testng-results ignored="0" total="1" passed="1" failed="0" skipped="0">
  <reporter-output>
  </reporter-output>
  <suite started-at="2023-04-05T14:12:22 PKT" name="Default suite" finished-at="2023-04-05T14:12:42 PKT" duration-ms="19284">
    <groups>
    </groups>
    <test started-at="2023-04-05T14:12:22 PKT" name="Default test" finished-at="2023-04-05T14:12:42 PKT" duration-ms="19284">
      <class name="BaseClass">
        <test-method is-config="true" signature="beforeMethod()[pri:0, instance:BaseClass@7fee8714]" started-at="2023-04-05T14:12:23 PKT" name="beforeMethod" finished-at="2023-04-05T14:12:23 PKT" duration-ms="6" status="PASS">
          <reporter-output>
          </reporter-output>
        </test-method> <!-- beforeMethod -->
        <test-method signature="SauceDemo()[pri:0, instance:BaseClass@7fee8714]" started-at="2023-04-05T14:12:23 PKT" name="SauceDemo" finished-at="2023-04-05T14:12:42 PKT" duration-ms="19221" status="PASS">
          <reporter-output>
          </reporter-output>
        </test-method> <!-- SauceDemo -->
      </class> <!-- BaseClass -->
    </test> <!-- Default test -->
  </suite> <!-- Default suite -->
</testng-results>
